<?xml version="1.0" encoding="UTF-8"?>
<!-- Generated by org.testng.reporters.JUnitXMLReporter -->
<testsuite hostname="DESKTOP-3ORHPO1" ignored="1" name="Smoke Test" tests="1" failures="0" timestamp="2022-12-13T09:05:23 GMT" time="7.553" errors="0">
  <testcase name="userShouldNavigateToForgotPasswordPageSuccessfully" time="1.133" classname="com.orangehrmlive.demo.testsuite.LoginPageTest"/>
  <testcase name="userShouldLoginSuccessfullyWithValidCredentials" time="0.0" classname="com.orangehrmlive.demo.testsuite.LoginPageTest">
    <ignored/>
  </testcase> <!-- userShouldLoginSuccessfullyWithValidCredentials -->
</testsuite> <!-- Smoke Test -->
