<?xml version="1.0" encoding="UTF-8"?>
<!-- Generated by org.testng.reporters.JUnitXMLReporter -->
<testsuite hostname="DESKTOP-3ORHPO1" ignored="1" name="Sanity Test" tests="1" failures="0" timestamp="2022-12-13T09:04:55 GMT" time="9.277" errors="0">
  <testcase name="userShouldLoginSuccessfullyWithValidCredentials" time="2.419" classname="com.orangehrmlive.demo.testsuite.LoginPageTest"/>
  <testcase name="userShouldNavigateToForgotPasswordPageSuccessfully" time="0.0" classname="com.orangehrmlive.demo.testsuite.LoginPageTest">
    <ignored/>
  </testcase> <!-- userShouldNavigateToForgotPasswordPageSuccessfully -->
</testsuite> <!-- Sanity Test -->
