<?xml version="1.0" encoding="UTF-8"?>
<!-- Generated by org.testng.reporters.JUnitXMLReporter -->
<testsuite hostname="DESKTOP-3ORHPO1" ignored="0" name="Regression Test" tests="2" failures="0" timestamp="2022-12-13T09:04:33 GMT" time="14.04" errors="0">
  <testcase name="userShouldLoginSuccessfullyWithValidCredentials" time="2.169" classname="com.orangehrmlive.demo.testsuite.LoginPageTest"/>
  <testcase name="userShouldNavigateToForgotPasswordPageSuccessfully" time="1.313" classname="com.orangehrmlive.demo.testsuite.LoginPageTest"/>
</testsuite> <!-- Regression Test -->
